<?xml version="1.0" encoding="UTF-8"?>
<!-- Generated by org.testng.reporters.JUnitXMLReporter -->
<testsuite hostname="LAPTOP-MCMMF3G2" ignored="0" name="Test" tests="2" failures="1" timestamp="2020-03-09T22:09:05 IST" time="0.042" errors="0">
  <testcase name="loginbyEmail" time="0.008" classname="testNG.LoginTest_Listeners"/>
  <testcase name="loginbyfacebook" time="0.002" classname="testNG.LoginTest_Listeners">
    <failure type="java.lang.AssertionError" message="expected [9553440104] but found [venki07i12]">
      <![CDATA[java.lang.AssertionError: expected [9553440104] but found [venki07i12]
at testNG.LoginTest_Listeners.loginbyfacebook(LoginTest_Listeners.java:20)
at java.util.ArrayList.forEach(ArrayList.java:1257)
... Removed 32 stack frames]]>
    </failure>
  </testcase> <!-- loginbyfacebook -->
</testsuite> <!-- Test -->
