<?xml version="1.0" encoding="UTF-8"?>
<!-- Generated by org.testng.reporters.JUnitXMLReporter -->
<testsuite hostname="LAPTOP-MCMMF3G2" ignored="0" name="Working on passing application" tests="1" failures="1" timestamp="2020-01-02T14:52:20 IST" time="34.061" errors="0">
  <testcase name="launch" time="0.0" classname="practiceSelenium2.Passingparameter1">
    <failure type="org.testng.TestNGException" message="
Parameter &amp;apos;username&amp;apos; is required by @Test on method launch but has not been marked @Optional or defined
in D:\Selenium Testing\MindQ\seleniumprojects\Testng.xml">
      <![CDATA[org.testng.TestNGException: 
Parameter 'username' is required by @Test on method launch but has not been marked @Optional or defined
in D:\Selenium Testing\MindQ\seleniumprojects\Testng.xml
at java.util.ArrayList.forEach(Unknown Source)
... Removed 25 stack frames]]>
    </failure>
  </testcase> <!-- launch -->
</testsuite> <!-- Working on passing application -->
